2011-11-22 14:23:12,654 - Log4JLogChute initialized using file 'velocity.log'
2011-11-22 14:23:12,655 - Velocity was not initialized! Calling init()...
2011-11-22 14:23:12,655 - Starting Apache Velocity v1.5 (compiled: 2007-02-22 08:52:29)
2011-11-22 14:23:12,655 - Default Properties File: org/apache/velocity/runtime/defaults/velocity.properties
2011-11-22 14:23:12,655 - Trying to use logger class org.apache.velocity.runtime.log.AvalonLogChute
2011-11-22 14:23:12,656 - Couldn't find class org.apache.velocity.runtime.log.AvalonLogChute or necessary supporting classes in classpath.
java.lang.NoClassDefFoundError: org/apache/log/format/Formatter
	at java.lang.Class.forName0(Native Method)
	at java.lang.Class.forName(Class.java:247)
	at org.apache.velocity.util.ClassUtils.getClass(ClassUtils.java:63)
	at org.apache.velocity.util.ClassUtils.getNewInstance(ClassUtils.java:95)
	at org.apache.velocity.runtime.log.LogManager.createLogChute(LogManager.java:147)
	at org.apache.velocity.runtime.log.LogManager.updateLog(LogManager.java:208)
	at org.apache.velocity.runtime.RuntimeInstance.initializeLog(RuntimeInstance.java:728)
	at org.apache.velocity.runtime.RuntimeInstance.init(RuntimeInstance.java:240)
	at org.apache.velocity.runtime.RuntimeInstance.parse(RuntimeInstance.java:993)
	at org.apache.velocity.runtime.RuntimeInstance.parse(RuntimeInstance.java:972)
	at org.apache.velocity.runtime.RuntimeSingleton.parse(RuntimeSingleton.java:265)
	at org.apache.velocity.app.Velocity.evaluate(Velocity.java:274)
	at com.sonatype.maven.weather.WeatherFormatter.format(WeatherFormatter.java:21)
	at com.sonatype.maven.weather.yahoo.WeatherFormatterTest.testFormat(WeatherFormatterTest.java:23)
	at sun.reflect.NativeMethodAccessorImpl.invoke0(Native Method)
	at sun.reflect.NativeMethodAccessorImpl.invoke(NativeMethodAccessorImpl.java:39)
	at sun.reflect.DelegatingMethodAccessorImpl.invoke(DelegatingMethodAccessorImpl.java:25)
	at java.lang.reflect.Method.invoke(Method.java:597)
	at junit.framework.TestCase.runTest(TestCase.java:154)
	at junit.framework.TestCase.runBare(TestCase.java:127)
	at junit.framework.TestResult$1.protect(TestResult.java:106)
	at junit.framework.TestResult.runProtected(TestResult.java:124)
	at junit.framework.TestResult.run(TestResult.java:109)
	at junit.framework.TestCase.run(TestCase.java:118)
	at junit.framework.TestSuite.runTest(TestSuite.java:208)
	at junit.framework.TestSuite.run(TestSuite.java:203)
	at sun.reflect.NativeMethodAccessorImpl.invoke0(Native Method)
	at sun.reflect.NativeMethodAccessorImpl.invoke(NativeMethodAccessorImpl.java:39)
	at sun.reflect.DelegatingMethodAccessorImpl.invoke(DelegatingMethodAccessorImpl.java:25)
	at java.lang.reflect.Method.invoke(Method.java:597)
	at org.apache.maven.surefire.junit.JUnitTestSet.execute(JUnitTestSet.java:98)
	at org.apache.maven.surefire.junit.JUnit3Provider.executeTestSet(JUnit3Provider.java:107)
	at org.apache.maven.surefire.junit.JUnit3Provider.invoke(JUnit3Provider.java:84)
	at sun.reflect.NativeMethodAccessorImpl.invoke0(Native Method)
	at sun.reflect.NativeMethodAccessorImpl.invoke(NativeMethodAccessorImpl.java:39)
	at sun.reflect.DelegatingMethodAccessorImpl.invoke(DelegatingMethodAccessorImpl.java:25)
	at java.lang.reflect.Method.invoke(Method.java:597)
	at org.apache.maven.surefire.booter.ProviderFactory$ClassLoaderProxy.invoke(ProviderFactory.java:103)
	at $Proxy0.invoke(Unknown Source)
	at org.apache.maven.surefire.booter.SurefireStarter.invokeProvider(SurefireStarter.java:150)
	at org.apache.maven.surefire.booter.SurefireStarter.runSuitesInProcess(SurefireStarter.java:91)
	at org.apache.maven.surefire.booter.ForkedBooter.main(ForkedBooter.java:69)
Caused by: java.lang.ClassNotFoundException: org.apache.log.format.Formatter
	at java.net.URLClassLoader$1.run(URLClassLoader.java:202)
	at java.security.AccessController.doPrivileged(Native Method)
	at java.net.URLClassLoader.findClass(URLClassLoader.java:190)
	at java.lang.ClassLoader.loadClass(ClassLoader.java:306)
	at sun.misc.Launcher$AppClassLoader.loadClass(Launcher.java:301)
	at java.lang.ClassLoader.loadClass(ClassLoader.java:247)
	... 42 more
2011-11-22 14:23:12,662 - Trying to use logger class org.apache.velocity.runtime.log.Log4JLogChute
2011-11-22 14:23:12,662 - Using logger class org.apache.velocity.runtime.log.Log4JLogChute
2011-11-22 14:23:12,665 - Default ResourceManager initializing. (class org.apache.velocity.runtime.resource.ResourceManagerImpl)
2011-11-22 14:23:12,668 - ResourceLoader instantiated: org.apache.velocity.runtime.resource.loader.FileResourceLoader
2011-11-22 14:23:12,669 - Do unicode file recognition:  false
2011-11-22 14:23:12,669 - FileResourceLoader : adding path '.'
2011-11-22 14:23:12,683 - ResourceCache: initialized (class org.apache.velocity.runtime.resource.ResourceCacheImpl)
2011-11-22 14:23:12,685 - Loaded System Directive: org.apache.velocity.runtime.directive.Literal
2011-11-22 14:23:12,686 - Loaded System Directive: org.apache.velocity.runtime.directive.Macro
2011-11-22 14:23:12,687 - Loaded System Directive: org.apache.velocity.runtime.directive.Parse
2011-11-22 14:23:12,688 - Loaded System Directive: org.apache.velocity.runtime.directive.Include
2011-11-22 14:23:12,689 - Loaded System Directive: org.apache.velocity.runtime.directive.Foreach
2011-11-22 14:23:12,724 - Created '20' parsers.
2011-11-22 14:23:12,733 - Velocimacro : "velocimacro.library" is not set.  Trying default library: VM_global_library.vm
2011-11-22 14:23:12,734 - Velocimacro : Default library not found.
2011-11-22 14:23:12,734 - Velocimacro : allowInline = true : VMs can be defined inline in templates
2011-11-22 14:23:12,734 - Velocimacro : allowInlineToOverride = false : VMs defined inline may NOT replace previous VM definitions
2011-11-22 14:23:12,734 - Velocimacro : allowInlineLocal = false : VMs defined inline will be global in scope if allowed.
2011-11-22 14:23:12,734 - Velocimacro : autoload off : VM system will not automatically reload global library macros
2011-11-22 14:23:24,393 - Log4JLogChute initialized using file 'velocity.log'
2011-11-22 14:23:24,393 - Velocity was not initialized! Calling init()...
2011-11-22 14:23:24,394 - Starting Apache Velocity v1.5 (compiled: 2007-02-22 08:52:29)
2011-11-22 14:23:24,394 - Default Properties File: org/apache/velocity/runtime/defaults/velocity.properties
2011-11-22 14:23:24,394 - Trying to use logger class org.apache.velocity.runtime.log.AvalonLogChute
2011-11-22 14:23:24,395 - Couldn't find class org.apache.velocity.runtime.log.AvalonLogChute or necessary supporting classes in classpath.
java.lang.NoClassDefFoundError: org/apache/log/format/Formatter
	at java.lang.Class.forName0(Native Method)
	at java.lang.Class.forName(Class.java:247)
	at org.apache.velocity.util.ClassUtils.getClass(ClassUtils.java:63)
	at org.apache.velocity.util.ClassUtils.getNewInstance(ClassUtils.java:95)
	at org.apache.velocity.runtime.log.LogManager.createLogChute(LogManager.java:147)
	at org.apache.velocity.runtime.log.LogManager.updateLog(LogManager.java:208)
	at org.apache.velocity.runtime.RuntimeInstance.initializeLog(RuntimeInstance.java:728)
	at org.apache.velocity.runtime.RuntimeInstance.init(RuntimeInstance.java:240)
	at org.apache.velocity.runtime.RuntimeInstance.parse(RuntimeInstance.java:993)
	at org.apache.velocity.runtime.RuntimeInstance.parse(RuntimeInstance.java:972)
	at org.apache.velocity.runtime.RuntimeSingleton.parse(RuntimeSingleton.java:265)
	at org.apache.velocity.app.Velocity.evaluate(Velocity.java:274)
	at com.sonatype.maven.weather.WeatherFormatter.format(WeatherFormatter.java:21)
	at com.sonatype.maven.weather.yahoo.WeatherFormatterTest.testFormat(WeatherFormatterTest.java:23)
	at sun.reflect.NativeMethodAccessorImpl.invoke0(Native Method)
	at sun.reflect.NativeMethodAccessorImpl.invoke(NativeMethodAccessorImpl.java:39)
	at sun.reflect.DelegatingMethodAccessorImpl.invoke(DelegatingMethodAccessorImpl.java:25)
	at java.lang.reflect.Method.invoke(Method.java:597)
	at junit.framework.TestCase.runTest(TestCase.java:154)
	at junit.framework.TestCase.runBare(TestCase.java:127)
	at junit.framework.TestResult$1.protect(TestResult.java:106)
	at junit.framework.TestResult.runProtected(TestResult.java:124)
	at junit.framework.TestResult.run(TestResult.java:109)
	at junit.framework.TestCase.run(TestCase.java:118)
	at junit.framework.TestSuite.runTest(TestSuite.java:208)
	at junit.framework.TestSuite.run(TestSuite.java:203)
	at sun.reflect.NativeMethodAccessorImpl.invoke0(Native Method)
	at sun.reflect.NativeMethodAccessorImpl.invoke(NativeMethodAccessorImpl.java:39)
	at sun.reflect.DelegatingMethodAccessorImpl.invoke(DelegatingMethodAccessorImpl.java:25)
	at java.lang.reflect.Method.invoke(Method.java:597)
	at org.apache.maven.surefire.junit.JUnitTestSet.execute(JUnitTestSet.java:98)
	at org.apache.maven.surefire.junit.JUnit3Provider.executeTestSet(JUnit3Provider.java:107)
	at org.apache.maven.surefire.junit.JUnit3Provider.invoke(JUnit3Provider.java:84)
	at sun.reflect.NativeMethodAccessorImpl.invoke0(Native Method)
	at sun.reflect.NativeMethodAccessorImpl.invoke(NativeMethodAccessorImpl.java:39)
	at sun.reflect.DelegatingMethodAccessorImpl.invoke(DelegatingMethodAccessorImpl.java:25)
	at java.lang.reflect.Method.invoke(Method.java:597)
	at org.apache.maven.surefire.booter.ProviderFactory$ClassLoaderProxy.invoke(ProviderFactory.java:103)
	at $Proxy0.invoke(Unknown Source)
	at org.apache.maven.surefire.booter.SurefireStarter.invokeProvider(SurefireStarter.java:150)
	at org.apache.maven.surefire.booter.SurefireStarter.runSuitesInProcess(SurefireStarter.java:91)
	at org.apache.maven.surefire.booter.ForkedBooter.main(ForkedBooter.java:69)
Caused by: java.lang.ClassNotFoundException: org.apache.log.format.Formatter
	at java.net.URLClassLoader$1.run(URLClassLoader.java:202)
	at java.security.AccessController.doPrivileged(Native Method)
	at java.net.URLClassLoader.findClass(URLClassLoader.java:190)
	at java.lang.ClassLoader.loadClass(ClassLoader.java:306)
	at sun.misc.Launcher$AppClassLoader.loadClass(Launcher.java:301)
	at java.lang.ClassLoader.loadClass(ClassLoader.java:247)
	... 42 more
2011-11-22 14:23:24,398 - Trying to use logger class org.apache.velocity.runtime.log.Log4JLogChute
2011-11-22 14:23:24,398 - Using logger class org.apache.velocity.runtime.log.Log4JLogChute
2011-11-22 14:23:24,401 - Default ResourceManager initializing. (class org.apache.velocity.runtime.resource.ResourceManagerImpl)
2011-11-22 14:23:24,405 - ResourceLoader instantiated: org.apache.velocity.runtime.resource.loader.FileResourceLoader
2011-11-22 14:23:24,406 - Do unicode file recognition:  false
2011-11-22 14:23:24,406 - FileResourceLoader : adding path '.'
2011-11-22 14:23:24,417 - ResourceCache: initialized (class org.apache.velocity.runtime.resource.ResourceCacheImpl)
2011-11-22 14:23:24,418 - Loaded System Directive: org.apache.velocity.runtime.directive.Literal
2011-11-22 14:23:24,419 - Loaded System Directive: org.apache.velocity.runtime.directive.Macro
2011-11-22 14:23:24,420 - Loaded System Directive: org.apache.velocity.runtime.directive.Parse
2011-11-22 14:23:24,421 - Loaded System Directive: org.apache.velocity.runtime.directive.Include
2011-11-22 14:23:24,422 - Loaded System Directive: org.apache.velocity.runtime.directive.Foreach
2011-11-22 14:23:24,451 - Created '20' parsers.
2011-11-22 14:23:24,457 - Velocimacro : "velocimacro.library" is not set.  Trying default library: VM_global_library.vm
2011-11-22 14:23:24,457 - Velocimacro : Default library not found.
2011-11-22 14:23:24,457 - Velocimacro : allowInline = true : VMs can be defined inline in templates
2011-11-22 14:23:24,457 - Velocimacro : allowInlineToOverride = false : VMs defined inline may NOT replace previous VM definitions
2011-11-22 14:23:24,457 - Velocimacro : allowInlineLocal = false : VMs defined inline will be global in scope if allowed.
2011-11-22 14:23:24,457 - Velocimacro : autoload off : VM system will not automatically reload global library macros
2011-11-25 14:17:20,880 - Log4JLogChute initialized using file 'velocity.log'
2011-11-25 14:17:20,883 - Velocity was not initialized! Calling init()...
2011-11-25 14:17:20,884 - Starting Apache Velocity v1.5 (compiled: 2007-02-22 08:52:29)
2011-11-25 14:17:20,884 - Default Properties File: org/apache/velocity/runtime/defaults/velocity.properties
2011-11-25 14:17:20,884 - Trying to use logger class org.apache.velocity.runtime.log.AvalonLogChute
2011-11-25 14:17:20,886 - Couldn't find class org.apache.velocity.runtime.log.AvalonLogChute or necessary supporting classes in classpath.
java.lang.NoClassDefFoundError: org/apache/log/format/Formatter
	at java.lang.Class.forName0(Native Method)
	at java.lang.Class.forName(Class.java:247)
	at org.apache.velocity.util.ClassUtils.getClass(ClassUtils.java:63)
	at org.apache.velocity.util.ClassUtils.getNewInstance(ClassUtils.java:95)
	at org.apache.velocity.runtime.log.LogManager.createLogChute(LogManager.java:147)
	at org.apache.velocity.runtime.log.LogManager.updateLog(LogManager.java:208)
	at org.apache.velocity.runtime.RuntimeInstance.initializeLog(RuntimeInstance.java:728)
	at org.apache.velocity.runtime.RuntimeInstance.init(RuntimeInstance.java:240)
	at org.apache.velocity.runtime.RuntimeInstance.parse(RuntimeInstance.java:993)
	at org.apache.velocity.runtime.RuntimeInstance.parse(RuntimeInstance.java:972)
	at org.apache.velocity.runtime.RuntimeSingleton.parse(RuntimeSingleton.java:265)
	at org.apache.velocity.app.Velocity.evaluate(Velocity.java:274)
	at com.sonatype.maven.weather.WeatherFormatter.format(WeatherFormatter.java:21)
	at com.sonatype.maven.weather.yahoo.WeatherFormatterTest.testFormat(WeatherFormatterTest.java:23)
	at sun.reflect.NativeMethodAccessorImpl.invoke0(Native Method)
	at sun.reflect.NativeMethodAccessorImpl.invoke(NativeMethodAccessorImpl.java:39)
	at sun.reflect.DelegatingMethodAccessorImpl.invoke(DelegatingMethodAccessorImpl.java:25)
	at java.lang.reflect.Method.invoke(Method.java:597)
	at junit.framework.TestCase.runTest(TestCase.java:154)
	at junit.framework.TestCase.runBare(TestCase.java:127)
	at junit.framework.TestResult$1.protect(TestResult.java:106)
	at junit.framework.TestResult.runProtected(TestResult.java:124)
	at junit.framework.TestResult.run(TestResult.java:109)
	at junit.framework.TestCase.run(TestCase.java:118)
	at junit.framework.TestSuite.runTest(TestSuite.java:208)
	at junit.framework.TestSuite.run(TestSuite.java:203)
	at sun.reflect.NativeMethodAccessorImpl.invoke0(Native Method)
	at sun.reflect.NativeMethodAccessorImpl.invoke(NativeMethodAccessorImpl.java:39)
	at sun.reflect.DelegatingMethodAccessorImpl.invoke(DelegatingMethodAccessorImpl.java:25)
	at java.lang.reflect.Method.invoke(Method.java:597)
	at org.apache.maven.surefire.junit.JUnitTestSet.execute(JUnitTestSet.java:98)
	at org.apache.maven.surefire.junit.JUnit3Provider.executeTestSet(JUnit3Provider.java:107)
	at org.apache.maven.surefire.junit.JUnit3Provider.invoke(JUnit3Provider.java:84)
	at sun.reflect.NativeMethodAccessorImpl.invoke0(Native Method)
	at sun.reflect.NativeMethodAccessorImpl.invoke(NativeMethodAccessorImpl.java:39)
	at sun.reflect.DelegatingMethodAccessorImpl.invoke(DelegatingMethodAccessorImpl.java:25)
	at java.lang.reflect.Method.invoke(Method.java:597)
	at org.apache.maven.surefire.booter.ProviderFactory$ClassLoaderProxy.invoke(ProviderFactory.java:103)
	at $Proxy0.invoke(Unknown Source)
	at org.apache.maven.surefire.booter.SurefireStarter.invokeProvider(SurefireStarter.java:150)
	at org.apache.maven.surefire.booter.SurefireStarter.runSuitesInProcess(SurefireStarter.java:91)
	at org.apache.maven.surefire.booter.ForkedBooter.main(ForkedBooter.java:69)
Caused by: java.lang.ClassNotFoundException: org.apache.log.format.Formatter
	at java.net.URLClassLoader$1.run(URLClassLoader.java:202)
	at java.security.AccessController.doPrivileged(Native Method)
	at java.net.URLClassLoader.findClass(URLClassLoader.java:190)
	at java.lang.ClassLoader.loadClass(ClassLoader.java:306)
	at sun.misc.Launcher$AppClassLoader.loadClass(Launcher.java:301)
	at java.lang.ClassLoader.loadClass(ClassLoader.java:247)
	... 42 more
2011-11-25 14:17:20,888 - Trying to use logger class org.apache.velocity.runtime.log.Log4JLogChute
2011-11-25 14:17:20,888 - Using logger class org.apache.velocity.runtime.log.Log4JLogChute
2011-11-25 14:17:20,890 - Default ResourceManager initializing. (class org.apache.velocity.runtime.resource.ResourceManagerImpl)
2011-11-25 14:17:20,893 - ResourceLoader instantiated: org.apache.velocity.runtime.resource.loader.FileResourceLoader
2011-11-25 14:17:20,894 - Do unicode file recognition:  false
2011-11-25 14:17:20,894 - FileResourceLoader : adding path '.'
2011-11-25 14:17:20,905 - ResourceCache: initialized (class org.apache.velocity.runtime.resource.ResourceCacheImpl)
2011-11-25 14:17:20,906 - Loaded System Directive: org.apache.velocity.runtime.directive.Literal
2011-11-25 14:17:20,907 - Loaded System Directive: org.apache.velocity.runtime.directive.Macro
2011-11-25 14:17:20,909 - Loaded System Directive: org.apache.velocity.runtime.directive.Parse
2011-11-25 14:17:20,910 - Loaded System Directive: org.apache.velocity.runtime.directive.Include
2011-11-25 14:17:20,911 - Loaded System Directive: org.apache.velocity.runtime.directive.Foreach
2011-11-25 14:17:20,940 - Created '20' parsers.
2011-11-25 14:17:20,946 - Velocimacro : "velocimacro.library" is not set.  Trying default library: VM_global_library.vm
2011-11-25 14:17:20,947 - Velocimacro : Default library not found.
2011-11-25 14:17:20,947 - Velocimacro : allowInline = true : VMs can be defined inline in templates
2011-11-25 14:17:20,947 - Velocimacro : allowInlineToOverride = false : VMs defined inline may NOT replace previous VM definitions
2011-11-25 14:17:20,947 - Velocimacro : allowInlineLocal = false : VMs defined inline will be global in scope if allowed.
2011-11-25 14:17:20,947 - Velocimacro : autoload off : VM system will not automatically reload global library macros
2011-11-25 14:19:14,474 - Log4JLogChute initialized using file 'velocity.log'
2011-11-25 14:19:14,474 - Velocity was not initialized! Calling init()...
2011-11-25 14:19:14,474 - Starting Apache Velocity v1.5 (compiled: 2007-02-22 08:52:29)
2011-11-25 14:19:14,474 - Default Properties File: org/apache/velocity/runtime/defaults/velocity.properties
2011-11-25 14:19:14,474 - Trying to use logger class org.apache.velocity.runtime.log.AvalonLogChute
2011-11-25 14:19:14,475 - Couldn't find class org.apache.velocity.runtime.log.AvalonLogChute or necessary supporting classes in classpath.
java.lang.NoClassDefFoundError: org/apache/log/format/Formatter
	at java.lang.Class.forName0(Native Method)
	at java.lang.Class.forName(Class.java:247)
	at org.apache.velocity.util.ClassUtils.getClass(ClassUtils.java:63)
	at org.apache.velocity.util.ClassUtils.getNewInstance(ClassUtils.java:95)
	at org.apache.velocity.runtime.log.LogManager.createLogChute(LogManager.java:147)
	at org.apache.velocity.runtime.log.LogManager.updateLog(LogManager.java:208)
	at org.apache.velocity.runtime.RuntimeInstance.initializeLog(RuntimeInstance.java:728)
	at org.apache.velocity.runtime.RuntimeInstance.init(RuntimeInstance.java:240)
	at org.apache.velocity.runtime.RuntimeInstance.parse(RuntimeInstance.java:993)
	at org.apache.velocity.runtime.RuntimeInstance.parse(RuntimeInstance.java:972)
	at org.apache.velocity.runtime.RuntimeSingleton.parse(RuntimeSingleton.java:265)
	at org.apache.velocity.app.Velocity.evaluate(Velocity.java:274)
	at com.sonatype.maven.weather.WeatherFormatter.format(WeatherFormatter.java:21)
	at com.sonatype.maven.weather.yahoo.WeatherFormatterTest.testFormat(WeatherFormatterTest.java:23)
	at sun.reflect.NativeMethodAccessorImpl.invoke0(Native Method)
	at sun.reflect.NativeMethodAccessorImpl.invoke(NativeMethodAccessorImpl.java:39)
	at sun.reflect.DelegatingMethodAccessorImpl.invoke(DelegatingMethodAccessorImpl.java:25)
	at java.lang.reflect.Method.invoke(Method.java:597)
	at junit.framework.TestCase.runTest(TestCase.java:154)
	at junit.framework.TestCase.runBare(TestCase.java:127)
	at junit.framework.TestResult$1.protect(TestResult.java:106)
	at junit.framework.TestResult.runProtected(TestResult.java:124)
	at junit.framework.TestResult.run(TestResult.java:109)
	at junit.framework.TestCase.run(TestCase.java:118)
	at junit.framework.TestSuite.runTest(TestSuite.java:208)
	at junit.framework.TestSuite.run(TestSuite.java:203)
	at sun.reflect.NativeMethodAccessorImpl.invoke0(Native Method)
	at sun.reflect.NativeMethodAccessorImpl.invoke(NativeMethodAccessorImpl.java:39)
	at sun.reflect.DelegatingMethodAccessorImpl.invoke(DelegatingMethodAccessorImpl.java:25)
	at java.lang.reflect.Method.invoke(Method.java:597)
	at org.apache.maven.surefire.junit.JUnitTestSet.execute(JUnitTestSet.java:98)
	at org.apache.maven.surefire.junit.JUnit3Provider.executeTestSet(JUnit3Provider.java:107)
	at org.apache.maven.surefire.junit.JUnit3Provider.invoke(JUnit3Provider.java:84)
	at sun.reflect.NativeMethodAccessorImpl.invoke0(Native Method)
	at sun.reflect.NativeMethodAccessorImpl.invoke(NativeMethodAccessorImpl.java:39)
	at sun.reflect.DelegatingMethodAccessorImpl.invoke(DelegatingMethodAccessorImpl.java:25)
	at java.lang.reflect.Method.invoke(Method.java:597)
	at org.apache.maven.surefire.booter.ProviderFactory$ClassLoaderProxy.invoke(ProviderFactory.java:103)
	at $Proxy0.invoke(Unknown Source)
	at org.apache.maven.surefire.booter.SurefireStarter.invokeProvider(SurefireStarter.java:150)
	at org.apache.maven.surefire.booter.SurefireStarter.runSuitesInProcess(SurefireStarter.java:91)
	at org.apache.maven.surefire.booter.ForkedBooter.main(ForkedBooter.java:69)
Caused by: java.lang.ClassNotFoundException: org.apache.log.format.Formatter
	at java.net.URLClassLoader$1.run(URLClassLoader.java:202)
	at java.security.AccessController.doPrivileged(Native Method)
	at java.net.URLClassLoader.findClass(URLClassLoader.java:190)
	at java.lang.ClassLoader.loadClass(ClassLoader.java:306)
	at sun.misc.Launcher$AppClassLoader.loadClass(Launcher.java:301)
	at java.lang.ClassLoader.loadClass(ClassLoader.java:247)
	... 42 more
2011-11-25 14:19:14,478 - Trying to use logger class org.apache.velocity.runtime.log.Log4JLogChute
2011-11-25 14:19:14,478 - Using logger class org.apache.velocity.runtime.log.Log4JLogChute
2011-11-25 14:19:14,480 - Default ResourceManager initializing. (class org.apache.velocity.runtime.resource.ResourceManagerImpl)
2011-11-25 14:19:14,483 - ResourceLoader instantiated: org.apache.velocity.runtime.resource.loader.FileResourceLoader
2011-11-25 14:19:14,484 - Do unicode file recognition:  false
2011-11-25 14:19:14,484 - FileResourceLoader : adding path '.'
2011-11-25 14:19:14,493 - ResourceCache: initialized (class org.apache.velocity.runtime.resource.ResourceCacheImpl)
2011-11-25 14:19:14,494 - Loaded System Directive: org.apache.velocity.runtime.directive.Literal
2011-11-25 14:19:14,496 - Loaded System Directive: org.apache.velocity.runtime.directive.Macro
2011-11-25 14:19:14,497 - Loaded System Directive: org.apache.velocity.runtime.directive.Parse
2011-11-25 14:19:14,498 - Loaded System Directive: org.apache.velocity.runtime.directive.Include
2011-11-25 14:19:14,498 - Loaded System Directive: org.apache.velocity.runtime.directive.Foreach
2011-11-25 14:19:14,525 - Created '20' parsers.
2011-11-25 14:19:14,531 - Velocimacro : "velocimacro.library" is not set.  Trying default library: VM_global_library.vm
2011-11-25 14:19:14,531 - Velocimacro : Default library not found.
2011-11-25 14:19:14,531 - Velocimacro : allowInline = true : VMs can be defined inline in templates
2011-11-25 14:19:14,531 - Velocimacro : allowInlineToOverride = false : VMs defined inline may NOT replace previous VM definitions
2011-11-25 14:19:14,531 - Velocimacro : allowInlineLocal = false : VMs defined inline will be global in scope if allowed.
2011-11-25 14:19:14,531 - Velocimacro : autoload off : VM system will not automatically reload global library macros
2011-11-25 14:20:05,608 - Log4JLogChute initialized using file 'velocity.log'
2011-11-25 14:20:05,608 - Velocity was not initialized! Calling init()...
2011-11-25 14:20:05,609 - Starting Apache Velocity v1.5 (compiled: 2007-02-22 08:52:29)
2011-11-25 14:20:05,609 - Default Properties File: org/apache/velocity/runtime/defaults/velocity.properties
2011-11-25 14:20:05,609 - Trying to use logger class org.apache.velocity.runtime.log.AvalonLogChute
2011-11-25 14:20:05,610 - Couldn't find class org.apache.velocity.runtime.log.AvalonLogChute or necessary supporting classes in classpath.
java.lang.NoClassDefFoundError: org/apache/log/format/Formatter
	at java.lang.Class.forName0(Native Method)
	at java.lang.Class.forName(Class.java:247)
	at org.apache.velocity.util.ClassUtils.getClass(ClassUtils.java:63)
	at org.apache.velocity.util.ClassUtils.getNewInstance(ClassUtils.java:95)
	at org.apache.velocity.runtime.log.LogManager.createLogChute(LogManager.java:147)
	at org.apache.velocity.runtime.log.LogManager.updateLog(LogManager.java:208)
	at org.apache.velocity.runtime.RuntimeInstance.initializeLog(RuntimeInstance.java:728)
	at org.apache.velocity.runtime.RuntimeInstance.init(RuntimeInstance.java:240)
	at org.apache.velocity.runtime.RuntimeInstance.parse(RuntimeInstance.java:993)
	at org.apache.velocity.runtime.RuntimeInstance.parse(RuntimeInstance.java:972)
	at org.apache.velocity.runtime.RuntimeSingleton.parse(RuntimeSingleton.java:265)
	at org.apache.velocity.app.Velocity.evaluate(Velocity.java:274)
	at com.sonatype.maven.weather.WeatherFormatter.format(WeatherFormatter.java:21)
	at com.sonatype.maven.weather.yahoo.WeatherFormatterTest.testFormat(WeatherFormatterTest.java:23)
	at sun.reflect.NativeMethodAccessorImpl.invoke0(Native Method)
	at sun.reflect.NativeMethodAccessorImpl.invoke(NativeMethodAccessorImpl.java:39)
	at sun.reflect.DelegatingMethodAccessorImpl.invoke(DelegatingMethodAccessorImpl.java:25)
	at java.lang.reflect.Method.invoke(Method.java:597)
	at junit.framework.TestCase.runTest(TestCase.java:154)
	at junit.framework.TestCase.runBare(TestCase.java:127)
	at junit.framework.TestResult$1.protect(TestResult.java:106)
	at junit.framework.TestResult.runProtected(TestResult.java:124)
	at junit.framework.TestResult.run(TestResult.java:109)
	at junit.framework.TestCase.run(TestCase.java:118)
	at junit.framework.TestSuite.runTest(TestSuite.java:208)
	at junit.framework.TestSuite.run(TestSuite.java:203)
	at sun.reflect.NativeMethodAccessorImpl.invoke0(Native Method)
	at sun.reflect.NativeMethodAccessorImpl.invoke(NativeMethodAccessorImpl.java:39)
	at sun.reflect.DelegatingMethodAccessorImpl.invoke(DelegatingMethodAccessorImpl.java:25)
	at java.lang.reflect.Method.invoke(Method.java:597)
	at org.apache.maven.surefire.junit.JUnitTestSet.execute(JUnitTestSet.java:98)
	at org.apache.maven.surefire.junit.JUnit3Provider.executeTestSet(JUnit3Provider.java:107)
	at org.apache.maven.surefire.junit.JUnit3Provider.invoke(JUnit3Provider.java:84)
	at sun.reflect.NativeMethodAccessorImpl.invoke0(Native Method)
	at sun.reflect.NativeMethodAccessorImpl.invoke(NativeMethodAccessorImpl.java:39)
	at sun.reflect.DelegatingMethodAccessorImpl.invoke(DelegatingMethodAccessorImpl.java:25)
	at java.lang.reflect.Method.invoke(Method.java:597)
	at org.apache.maven.surefire.booter.ProviderFactory$ClassLoaderProxy.invoke(ProviderFactory.java:103)
	at $Proxy0.invoke(Unknown Source)
	at org.apache.maven.surefire.booter.SurefireStarter.invokeProvider(SurefireStarter.java:150)
	at org.apache.maven.surefire.booter.SurefireStarter.runSuitesInProcess(SurefireStarter.java:91)
	at org.apache.maven.surefire.booter.ForkedBooter.main(ForkedBooter.java:69)
Caused by: java.lang.ClassNotFoundException: org.apache.log.format.Formatter
	at java.net.URLClassLoader$1.run(URLClassLoader.java:202)
	at java.security.AccessController.doPrivileged(Native Method)
	at java.net.URLClassLoader.findClass(URLClassLoader.java:190)
	at java.lang.ClassLoader.loadClass(ClassLoader.java:306)
	at sun.misc.Launcher$AppClassLoader.loadClass(Launcher.java:301)
	at java.lang.ClassLoader.loadClass(ClassLoader.java:247)
	... 42 more
2011-11-25 14:20:05,613 - Trying to use logger class org.apache.velocity.runtime.log.Log4JLogChute
2011-11-25 14:20:05,613 - Using logger class org.apache.velocity.runtime.log.Log4JLogChute
2011-11-25 14:20:05,615 - Default ResourceManager initializing. (class org.apache.velocity.runtime.resource.ResourceManagerImpl)
2011-11-25 14:20:05,618 - ResourceLoader instantiated: org.apache.velocity.runtime.resource.loader.FileResourceLoader
2011-11-25 14:20:05,619 - Do unicode file recognition:  false
2011-11-25 14:20:05,619 - FileResourceLoader : adding path '.'
2011-11-25 14:20:05,631 - ResourceCache: initialized (class org.apache.velocity.runtime.resource.ResourceCacheImpl)
2011-11-25 14:20:05,632 - Loaded System Directive: org.apache.velocity.runtime.directive.Literal
2011-11-25 14:20:05,634 - Loaded System Directive: org.apache.velocity.runtime.directive.Macro
2011-11-25 14:20:05,635 - Loaded System Directive: org.apache.velocity.runtime.directive.Parse
2011-11-25 14:20:05,637 - Loaded System Directive: org.apache.velocity.runtime.directive.Include
2011-11-25 14:20:05,638 - Loaded System Directive: org.apache.velocity.runtime.directive.Foreach
2011-11-25 14:20:05,670 - Created '20' parsers.
2011-11-25 14:20:05,676 - Velocimacro : "velocimacro.library" is not set.  Trying default library: VM_global_library.vm
2011-11-25 14:20:05,676 - Velocimacro : Default library not found.
2011-11-25 14:20:05,676 - Velocimacro : allowInline = true : VMs can be defined inline in templates
2011-11-25 14:20:05,676 - Velocimacro : allowInlineToOverride = false : VMs defined inline may NOT replace previous VM definitions
2011-11-25 14:20:05,676 - Velocimacro : allowInlineLocal = false : VMs defined inline will be global in scope if allowed.
2011-11-25 14:20:05,676 - Velocimacro : autoload off : VM system will not automatically reload global library macros
2011-11-25 14:20:19,460 - Log4JLogChute initialized using file 'velocity.log'
2011-11-25 14:20:19,461 - Velocity was not initialized! Calling init()...
2011-11-25 14:20:19,461 - Starting Apache Velocity v1.5 (compiled: 2007-02-22 08:52:29)
2011-11-25 14:20:19,461 - Default Properties File: org/apache/velocity/runtime/defaults/velocity.properties
2011-11-25 14:20:19,461 - Trying to use logger class org.apache.velocity.runtime.log.AvalonLogChute
2011-11-25 14:20:19,462 - Couldn't find class org.apache.velocity.runtime.log.AvalonLogChute or necessary supporting classes in classpath.
java.lang.NoClassDefFoundError: org/apache/log/format/Formatter
	at java.lang.Class.forName0(Native Method)
	at java.lang.Class.forName(Class.java:247)
	at org.apache.velocity.util.ClassUtils.getClass(ClassUtils.java:63)
	at org.apache.velocity.util.ClassUtils.getNewInstance(ClassUtils.java:95)
	at org.apache.velocity.runtime.log.LogManager.createLogChute(LogManager.java:147)
	at org.apache.velocity.runtime.log.LogManager.updateLog(LogManager.java:208)
	at org.apache.velocity.runtime.RuntimeInstance.initializeLog(RuntimeInstance.java:728)
	at org.apache.velocity.runtime.RuntimeInstance.init(RuntimeInstance.java:240)
	at org.apache.velocity.runtime.RuntimeInstance.parse(RuntimeInstance.java:993)
	at org.apache.velocity.runtime.RuntimeInstance.parse(RuntimeInstance.java:972)
	at org.apache.velocity.runtime.RuntimeSingleton.parse(RuntimeSingleton.java:265)
	at org.apache.velocity.app.Velocity.evaluate(Velocity.java:274)
	at com.sonatype.maven.weather.WeatherFormatter.format(WeatherFormatter.java:21)
	at com.sonatype.maven.weather.yahoo.WeatherFormatterTest.testFormat(WeatherFormatterTest.java:23)
	at sun.reflect.NativeMethodAccessorImpl.invoke0(Native Method)
	at sun.reflect.NativeMethodAccessorImpl.invoke(NativeMethodAccessorImpl.java:39)
	at sun.reflect.DelegatingMethodAccessorImpl.invoke(DelegatingMethodAccessorImpl.java:25)
	at java.lang.reflect.Method.invoke(Method.java:597)
	at junit.framework.TestCase.runTest(TestCase.java:154)
	at junit.framework.TestCase.runBare(TestCase.java:127)
	at junit.framework.TestResult$1.protect(TestResult.java:106)
	at junit.framework.TestResult.runProtected(TestResult.java:124)
	at junit.framework.TestResult.run(TestResult.java:109)
	at junit.framework.TestCase.run(TestCase.java:118)
	at junit.framework.TestSuite.runTest(TestSuite.java:208)
	at junit.framework.TestSuite.run(TestSuite.java:203)
	at sun.reflect.NativeMethodAccessorImpl.invoke0(Native Method)
	at sun.reflect.NativeMethodAccessorImpl.invoke(NativeMethodAccessorImpl.java:39)
	at sun.reflect.DelegatingMethodAccessorImpl.invoke(DelegatingMethodAccessorImpl.java:25)
	at java.lang.reflect.Method.invoke(Method.java:597)
	at org.apache.maven.surefire.junit.JUnitTestSet.execute(JUnitTestSet.java:98)
	at org.apache.maven.surefire.junit.JUnit3Provider.executeTestSet(JUnit3Provider.java:107)
	at org.apache.maven.surefire.junit.JUnit3Provider.invoke(JUnit3Provider.java:84)
	at sun.reflect.NativeMethodAccessorImpl.invoke0(Native Method)
	at sun.reflect.NativeMethodAccessorImpl.invoke(NativeMethodAccessorImpl.java:39)
	at sun.reflect.DelegatingMethodAccessorImpl.invoke(DelegatingMethodAccessorImpl.java:25)
	at java.lang.reflect.Method.invoke(Method.java:597)
	at org.apache.maven.surefire.booter.ProviderFactory$ClassLoaderProxy.invoke(ProviderFactory.java:103)
	at $Proxy0.invoke(Unknown Source)
	at org.apache.maven.surefire.booter.SurefireStarter.invokeProvider(SurefireStarter.java:150)
	at org.apache.maven.surefire.booter.SurefireStarter.runSuitesInProcess(SurefireStarter.java:91)
	at org.apache.maven.surefire.booter.ForkedBooter.main(ForkedBooter.java:69)
Caused by: java.lang.ClassNotFoundException: org.apache.log.format.Formatter
	at java.net.URLClassLoader$1.run(URLClassLoader.java:202)
	at java.security.AccessController.doPrivileged(Native Method)
	at java.net.URLClassLoader.findClass(URLClassLoader.java:190)
	at java.lang.ClassLoader.loadClass(ClassLoader.java:306)
	at sun.misc.Launcher$AppClassLoader.loadClass(Launcher.java:301)
	at java.lang.ClassLoader.loadClass(ClassLoader.java:247)
	... 42 more
2011-11-25 14:20:19,466 - Trying to use logger class org.apache.velocity.runtime.log.Log4JLogChute
2011-11-25 14:20:19,466 - Using logger class org.apache.velocity.runtime.log.Log4JLogChute
2011-11-25 14:20:19,468 - Default ResourceManager initializing. (class org.apache.velocity.runtime.resource.ResourceManagerImpl)
2011-11-25 14:20:19,472 - ResourceLoader instantiated: org.apache.velocity.runtime.resource.loader.FileResourceLoader
2011-11-25 14:20:19,474 - Do unicode file recognition:  false
2011-11-25 14:20:19,474 - FileResourceLoader : adding path '.'
2011-11-25 14:20:19,491 - ResourceCache: initialized (class org.apache.velocity.runtime.resource.ResourceCacheImpl)
2011-11-25 14:20:19,493 - Loaded System Directive: org.apache.velocity.runtime.directive.Literal
2011-11-25 14:20:19,495 - Loaded System Directive: org.apache.velocity.runtime.directive.Macro
2011-11-25 14:20:19,496 - Loaded System Directive: org.apache.velocity.runtime.directive.Parse
2011-11-25 14:20:19,498 - Loaded System Directive: org.apache.velocity.runtime.directive.Include
2011-11-25 14:20:19,499 - Loaded System Directive: org.apache.velocity.runtime.directive.Foreach
2011-11-25 14:20:19,554 - Created '20' parsers.
2011-11-25 14:20:19,561 - Velocimacro : "velocimacro.library" is not set.  Trying default library: VM_global_library.vm
2011-11-25 14:20:19,562 - Velocimacro : Default library not found.
2011-11-25 14:20:19,562 - Velocimacro : allowInline = true : VMs can be defined inline in templates
2011-11-25 14:20:19,562 - Velocimacro : allowInlineToOverride = false : VMs defined inline may NOT replace previous VM definitions
2011-11-25 14:20:19,562 - Velocimacro : allowInlineLocal = false : VMs defined inline will be global in scope if allowed.
2011-11-25 14:20:19,562 - Velocimacro : autoload off : VM system will not automatically reload global library macros
2011-11-25 14:24:24,095 - Log4JLogChute initialized using file 'velocity.log'
2011-11-25 14:24:24,096 - Velocity was not initialized! Calling init()...
2011-11-25 14:24:24,096 - Starting Apache Velocity v1.5 (compiled: 2007-02-22 08:52:29)
2011-11-25 14:24:24,096 - Default Properties File: org/apache/velocity/runtime/defaults/velocity.properties
2011-11-25 14:24:24,096 - Trying to use logger class org.apache.velocity.runtime.log.AvalonLogChute
2011-11-25 14:24:24,097 - Couldn't find class org.apache.velocity.runtime.log.AvalonLogChute or necessary supporting classes in classpath.
java.lang.NoClassDefFoundError: org/apache/log/format/Formatter
	at java.lang.Class.forName0(Native Method)
	at java.lang.Class.forName(Class.java:247)
	at org.apache.velocity.util.ClassUtils.getClass(ClassUtils.java:63)
	at org.apache.velocity.util.ClassUtils.getNewInstance(ClassUtils.java:95)
	at org.apache.velocity.runtime.log.LogManager.createLogChute(LogManager.java:147)
	at org.apache.velocity.runtime.log.LogManager.updateLog(LogManager.java:208)
	at org.apache.velocity.runtime.RuntimeInstance.initializeLog(RuntimeInstance.java:728)
	at org.apache.velocity.runtime.RuntimeInstance.init(RuntimeInstance.java:240)
	at org.apache.velocity.runtime.RuntimeInstance.parse(RuntimeInstance.java:993)
	at org.apache.velocity.runtime.RuntimeInstance.parse(RuntimeInstance.java:972)
	at org.apache.velocity.runtime.RuntimeSingleton.parse(RuntimeSingleton.java:265)
	at org.apache.velocity.app.Velocity.evaluate(Velocity.java:274)
	at com.sonatype.maven.weather.WeatherFormatter.format(WeatherFormatter.java:21)
	at com.sonatype.maven.weather.yahoo.WeatherFormatterTest.testFormat(WeatherFormatterTest.java:23)
	at sun.reflect.NativeMethodAccessorImpl.invoke0(Native Method)
	at sun.reflect.NativeMethodAccessorImpl.invoke(NativeMethodAccessorImpl.java:39)
	at sun.reflect.DelegatingMethodAccessorImpl.invoke(DelegatingMethodAccessorImpl.java:25)
	at java.lang.reflect.Method.invoke(Method.java:597)
	at junit.framework.TestCase.runTest(TestCase.java:154)
	at junit.framework.TestCase.runBare(TestCase.java:127)
	at junit.framework.TestResult$1.protect(TestResult.java:106)
	at junit.framework.TestResult.runProtected(TestResult.java:124)
	at junit.framework.TestResult.run(TestResult.java:109)
	at junit.framework.TestCase.run(TestCase.java:118)
	at junit.framework.TestSuite.runTest(TestSuite.java:208)
	at junit.framework.TestSuite.run(TestSuite.java:203)
	at sun.reflect.NativeMethodAccessorImpl.invoke0(Native Method)
	at sun.reflect.NativeMethodAccessorImpl.invoke(NativeMethodAccessorImpl.java:39)
	at sun.reflect.DelegatingMethodAccessorImpl.invoke(DelegatingMethodAccessorImpl.java:25)
	at java.lang.reflect.Method.invoke(Method.java:597)
	at org.apache.maven.surefire.junit.JUnitTestSet.execute(JUnitTestSet.java:98)
	at org.apache.maven.surefire.junit.JUnit3Provider.executeTestSet(JUnit3Provider.java:107)
	at org.apache.maven.surefire.junit.JUnit3Provider.invoke(JUnit3Provider.java:84)
	at sun.reflect.NativeMethodAccessorImpl.invoke0(Native Method)
	at sun.reflect.NativeMethodAccessorImpl.invoke(NativeMethodAccessorImpl.java:39)
	at sun.reflect.DelegatingMethodAccessorImpl.invoke(DelegatingMethodAccessorImpl.java:25)
	at java.lang.reflect.Method.invoke(Method.java:597)
	at org.apache.maven.surefire.booter.ProviderFactory$ClassLoaderProxy.invoke(ProviderFactory.java:103)
	at $Proxy0.invoke(Unknown Source)
	at org.apache.maven.surefire.booter.SurefireStarter.invokeProvider(SurefireStarter.java:150)
	at org.apache.maven.surefire.booter.SurefireStarter.runSuitesInProcess(SurefireStarter.java:91)
	at org.apache.maven.surefire.booter.ForkedBooter.main(ForkedBooter.java:69)
Caused by: java.lang.ClassNotFoundException: org.apache.log.format.Formatter
	at java.net.URLClassLoader$1.run(URLClassLoader.java:202)
	at java.security.AccessController.doPrivileged(Native Method)
	at java.net.URLClassLoader.findClass(URLClassLoader.java:190)
	at java.lang.ClassLoader.loadClass(ClassLoader.java:306)
	at sun.misc.Launcher$AppClassLoader.loadClass(Launcher.java:301)
	at java.lang.ClassLoader.loadClass(ClassLoader.java:247)
	... 42 more
2011-11-25 14:24:24,100 - Trying to use logger class org.apache.velocity.runtime.log.Log4JLogChute
2011-11-25 14:24:24,100 - Using logger class org.apache.velocity.runtime.log.Log4JLogChute
2011-11-25 14:24:24,103 - Default ResourceManager initializing. (class org.apache.velocity.runtime.resource.ResourceManagerImpl)
2011-11-25 14:24:24,107 - ResourceLoader instantiated: org.apache.velocity.runtime.resource.loader.FileResourceLoader
2011-11-25 14:24:24,109 - Do unicode file recognition:  false
2011-11-25 14:24:24,109 - FileResourceLoader : adding path '.'
2011-11-25 14:24:24,122 - ResourceCache: initialized (class org.apache.velocity.runtime.resource.ResourceCacheImpl)
2011-11-25 14:24:24,124 - Loaded System Directive: org.apache.velocity.runtime.directive.Literal
2011-11-25 14:24:24,125 - Loaded System Directive: org.apache.velocity.runtime.directive.Macro
2011-11-25 14:24:24,127 - Loaded System Directive: org.apache.velocity.runtime.directive.Parse
2011-11-25 14:24:24,128 - Loaded System Directive: org.apache.velocity.runtime.directive.Include
2011-11-25 14:24:24,129 - Loaded System Directive: org.apache.velocity.runtime.directive.Foreach
2011-11-25 14:24:24,167 - Created '20' parsers.
2011-11-25 14:24:24,172 - Velocimacro : "velocimacro.library" is not set.  Trying default library: VM_global_library.vm
2011-11-25 14:24:24,173 - Velocimacro : Default library not found.
2011-11-25 14:24:24,173 - Velocimacro : allowInline = true : VMs can be defined inline in templates
2011-11-25 14:24:24,173 - Velocimacro : allowInlineToOverride = false : VMs defined inline may NOT replace previous VM definitions
2011-11-25 14:24:24,173 - Velocimacro : allowInlineLocal = false : VMs defined inline will be global in scope if allowed.
2011-11-25 14:24:24,173 - Velocimacro : autoload off : VM system will not automatically reload global library macros
2011-11-25 14:31:58,365 - Log4JLogChute initialized using file 'velocity.log'
2011-11-25 14:31:58,365 - Velocity was not initialized! Calling init()...
2011-11-25 14:31:58,366 - Starting Apache Velocity v1.5 (compiled: 2007-02-22 08:52:29)
2011-11-25 14:31:58,366 - Default Properties File: org/apache/velocity/runtime/defaults/velocity.properties
2011-11-25 14:31:58,366 - Trying to use logger class org.apache.velocity.runtime.log.AvalonLogChute
2011-11-25 14:31:58,367 - Couldn't find class org.apache.velocity.runtime.log.AvalonLogChute or necessary supporting classes in classpath.
java.lang.NoClassDefFoundError: org/apache/log/format/Formatter
	at java.lang.Class.forName0(Native Method)
	at java.lang.Class.forName(Class.java:247)
	at org.apache.velocity.util.ClassUtils.getClass(ClassUtils.java:63)
	at org.apache.velocity.util.ClassUtils.getNewInstance(ClassUtils.java:95)
	at org.apache.velocity.runtime.log.LogManager.createLogChute(LogManager.java:147)
	at org.apache.velocity.runtime.log.LogManager.updateLog(LogManager.java:208)
	at org.apache.velocity.runtime.RuntimeInstance.initializeLog(RuntimeInstance.java:728)
	at org.apache.velocity.runtime.RuntimeInstance.init(RuntimeInstance.java:240)
	at org.apache.velocity.runtime.RuntimeInstance.parse(RuntimeInstance.java:993)
	at org.apache.velocity.runtime.RuntimeInstance.parse(RuntimeInstance.java:972)
	at org.apache.velocity.runtime.RuntimeSingleton.parse(RuntimeSingleton.java:265)
	at org.apache.velocity.app.Velocity.evaluate(Velocity.java:274)
	at com.sonatype.maven.weather.WeatherFormatter.format(WeatherFormatter.java:21)
	at com.sonatype.maven.weather.yahoo.WeatherFormatterTest.testFormat(WeatherFormatterTest.java:23)
	at sun.reflect.NativeMethodAccessorImpl.invoke0(Native Method)
	at sun.reflect.NativeMethodAccessorImpl.invoke(NativeMethodAccessorImpl.java:39)
	at sun.reflect.DelegatingMethodAccessorImpl.invoke(DelegatingMethodAccessorImpl.java:25)
	at java.lang.reflect.Method.invoke(Method.java:597)
	at junit.framework.TestCase.runTest(TestCase.java:154)
	at junit.framework.TestCase.runBare(TestCase.java:127)
	at junit.framework.TestResult$1.protect(TestResult.java:106)
	at junit.framework.TestResult.runProtected(TestResult.java:124)
	at junit.framework.TestResult.run(TestResult.java:109)
	at junit.framework.TestCase.run(TestCase.java:118)
	at junit.framework.TestSuite.runTest(TestSuite.java:208)
	at junit.framework.TestSuite.run(TestSuite.java:203)
	at sun.reflect.NativeMethodAccessorImpl.invoke0(Native Method)
	at sun.reflect.NativeMethodAccessorImpl.invoke(NativeMethodAccessorImpl.java:39)
	at sun.reflect.DelegatingMethodAccessorImpl.invoke(DelegatingMethodAccessorImpl.java:25)
	at java.lang.reflect.Method.invoke(Method.java:597)
	at org.apache.maven.surefire.junit.JUnitTestSet.execute(JUnitTestSet.java:96)
	at org.apache.maven.surefire.junit.JUnit3Provider.executeTestSet(JUnit3Provider.java:117)
	at org.apache.maven.surefire.junit.JUnit3Provider.invoke(JUnit3Provider.java:94)
	at sun.reflect.NativeMethodAccessorImpl.invoke0(Native Method)
	at sun.reflect.NativeMethodAccessorImpl.invoke(NativeMethodAccessorImpl.java:39)
	at sun.reflect.DelegatingMethodAccessorImpl.invoke(DelegatingMethodAccessorImpl.java:25)
	at java.lang.reflect.Method.invoke(Method.java:597)
	at org.apache.maven.surefire.util.ReflectionUtils.invokeMethodWithArray(ReflectionUtils.java:164)
	at org.apache.maven.surefire.booter.ProviderFactory$ProviderProxy.invoke(ProviderFactory.java:110)
	at org.apache.maven.surefire.booter.SurefireStarter.invokeProvider(SurefireStarter.java:175)
	at org.apache.maven.surefire.booter.SurefireStarter.runSuitesInProcessWhenForked(SurefireStarter.java:107)
	at org.apache.maven.surefire.booter.ForkedBooter.main(ForkedBooter.java:68)
Caused by: java.lang.ClassNotFoundException: org.apache.log.format.Formatter
	at java.net.URLClassLoader$1.run(URLClassLoader.java:202)
	at java.security.AccessController.doPrivileged(Native Method)
	at java.net.URLClassLoader.findClass(URLClassLoader.java:190)
	at java.lang.ClassLoader.loadClass(ClassLoader.java:306)
	at sun.misc.Launcher$AppClassLoader.loadClass(Launcher.java:301)
	at java.lang.ClassLoader.loadClass(ClassLoader.java:247)
	... 42 more
2011-11-25 14:31:58,370 - Trying to use logger class org.apache.velocity.runtime.log.Log4JLogChute
2011-11-25 14:31:58,370 - Using logger class org.apache.velocity.runtime.log.Log4JLogChute
2011-11-25 14:31:58,373 - Default ResourceManager initializing. (class org.apache.velocity.runtime.resource.ResourceManagerImpl)
2011-11-25 14:31:58,376 - ResourceLoader instantiated: org.apache.velocity.runtime.resource.loader.FileResourceLoader
2011-11-25 14:31:58,377 - Do unicode file recognition:  false
2011-11-25 14:31:58,377 - FileResourceLoader : adding path '.'
2011-11-25 14:31:58,390 - ResourceCache: initialized (class org.apache.velocity.runtime.resource.ResourceCacheImpl)
2011-11-25 14:31:58,392 - Loaded System Directive: org.apache.velocity.runtime.directive.Literal
2011-11-25 14:31:58,394 - Loaded System Directive: org.apache.velocity.runtime.directive.Macro
2011-11-25 14:31:58,395 - Loaded System Directive: org.apache.velocity.runtime.directive.Parse
2011-11-25 14:31:58,397 - Loaded System Directive: org.apache.velocity.runtime.directive.Include
2011-11-25 14:31:58,398 - Loaded System Directive: org.apache.velocity.runtime.directive.Foreach
2011-11-25 14:31:58,442 - Created '20' parsers.
2011-11-25 14:31:58,450 - Velocimacro : "velocimacro.library" is not set.  Trying default library: VM_global_library.vm
2011-11-25 14:31:58,451 - Velocimacro : Default library not found.
2011-11-25 14:31:58,451 - Velocimacro : allowInline = true : VMs can be defined inline in templates
2011-11-25 14:31:58,451 - Velocimacro : allowInlineToOverride = false : VMs defined inline may NOT replace previous VM definitions
2011-11-25 14:31:58,451 - Velocimacro : allowInlineLocal = false : VMs defined inline will be global in scope if allowed.
2011-11-25 14:31:58,451 - Velocimacro : autoload off : VM system will not automatically reload global library macros
2011-11-25 14:33:37,212 - Log4JLogChute initialized using file 'velocity.log'
2011-11-25 14:33:37,213 - Velocity was not initialized! Calling init()...
2011-11-25 14:33:37,213 - Starting Apache Velocity v1.5 (compiled: 2007-02-22 08:52:29)
2011-11-25 14:33:37,213 - Default Properties File: org/apache/velocity/runtime/defaults/velocity.properties
2011-11-25 14:33:37,213 - Trying to use logger class org.apache.velocity.runtime.log.AvalonLogChute
2011-11-25 14:33:37,215 - Couldn't find class org.apache.velocity.runtime.log.AvalonLogChute or necessary supporting classes in classpath.
java.lang.NoClassDefFoundError: org/apache/log/format/Formatter
	at java.lang.Class.forName0(Native Method)
	at java.lang.Class.forName(Class.java:247)
	at org.apache.velocity.util.ClassUtils.getClass(ClassUtils.java:63)
	at org.apache.velocity.util.ClassUtils.getNewInstance(ClassUtils.java:95)
	at org.apache.velocity.runtime.log.LogManager.createLogChute(LogManager.java:147)
	at org.apache.velocity.runtime.log.LogManager.updateLog(LogManager.java:208)
	at org.apache.velocity.runtime.RuntimeInstance.initializeLog(RuntimeInstance.java:728)
	at org.apache.velocity.runtime.RuntimeInstance.init(RuntimeInstance.java:240)
	at org.apache.velocity.runtime.RuntimeInstance.parse(RuntimeInstance.java:993)
	at org.apache.velocity.runtime.RuntimeInstance.parse(RuntimeInstance.java:972)
	at org.apache.velocity.runtime.RuntimeSingleton.parse(RuntimeSingleton.java:265)
	at org.apache.velocity.app.Velocity.evaluate(Velocity.java:274)
	at com.sonatype.maven.weather.WeatherFormatter.format(WeatherFormatter.java:21)
	at com.sonatype.maven.weather.yahoo.WeatherFormatterTest.testFormat(WeatherFormatterTest.java:23)
	at sun.reflect.NativeMethodAccessorImpl.invoke0(Native Method)
	at sun.reflect.NativeMethodAccessorImpl.invoke(NativeMethodAccessorImpl.java:39)
	at sun.reflect.DelegatingMethodAccessorImpl.invoke(DelegatingMethodAccessorImpl.java:25)
	at java.lang.reflect.Method.invoke(Method.java:597)
	at junit.framework.TestCase.runTest(TestCase.java:154)
	at junit.framework.TestCase.runBare(TestCase.java:127)
	at junit.framework.TestResult$1.protect(TestResult.java:106)
	at junit.framework.TestResult.runProtected(TestResult.java:124)
	at junit.framework.TestResult.run(TestResult.java:109)
	at junit.framework.TestCase.run(TestCase.java:118)
	at junit.framework.TestSuite.runTest(TestSuite.java:208)
	at junit.framework.TestSuite.run(TestSuite.java:203)
	at sun.reflect.NativeMethodAccessorImpl.invoke0(Native Method)
	at sun.reflect.NativeMethodAccessorImpl.invoke(NativeMethodAccessorImpl.java:39)
	at sun.reflect.DelegatingMethodAccessorImpl.invoke(DelegatingMethodAccessorImpl.java:25)
	at java.lang.reflect.Method.invoke(Method.java:597)
	at org.apache.maven.surefire.junit.JUnitTestSet.execute(JUnitTestSet.java:96)
	at org.apache.maven.surefire.junit.JUnit3Provider.executeTestSet(JUnit3Provider.java:117)
	at org.apache.maven.surefire.junit.JUnit3Provider.invoke(JUnit3Provider.java:94)
	at sun.reflect.NativeMethodAccessorImpl.invoke0(Native Method)
	at sun.reflect.NativeMethodAccessorImpl.invoke(NativeMethodAccessorImpl.java:39)
	at sun.reflect.DelegatingMethodAccessorImpl.invoke(DelegatingMethodAccessorImpl.java:25)
	at java.lang.reflect.Method.invoke(Method.java:597)
	at org.apache.maven.surefire.util.ReflectionUtils.invokeMethodWithArray(ReflectionUtils.java:164)
	at org.apache.maven.surefire.booter.ProviderFactory$ProviderProxy.invoke(ProviderFactory.java:110)
	at org.apache.maven.surefire.booter.SurefireStarter.invokeProvider(SurefireStarter.java:175)
	at org.apache.maven.surefire.booter.SurefireStarter.runSuitesInProcessWhenForked(SurefireStarter.java:107)
	at org.apache.maven.surefire.booter.ForkedBooter.main(ForkedBooter.java:68)
Caused by: java.lang.ClassNotFoundException: org.apache.log.format.Formatter
	at java.net.URLClassLoader$1.run(URLClassLoader.java:202)
	at java.security.AccessController.doPrivileged(Native Method)
	at java.net.URLClassLoader.findClass(URLClassLoader.java:190)
	at java.lang.ClassLoader.loadClass(ClassLoader.java:306)
	at sun.misc.Launcher$AppClassLoader.loadClass(Launcher.java:301)
	at java.lang.ClassLoader.loadClass(ClassLoader.java:247)
	... 42 more
2011-11-25 14:33:37,218 - Trying to use logger class org.apache.velocity.runtime.log.Log4JLogChute
2011-11-25 14:33:37,218 - Using logger class org.apache.velocity.runtime.log.Log4JLogChute
2011-11-25 14:33:37,221 - Default ResourceManager initializing. (class org.apache.velocity.runtime.resource.ResourceManagerImpl)
2011-11-25 14:33:37,225 - ResourceLoader instantiated: org.apache.velocity.runtime.resource.loader.FileResourceLoader
2011-11-25 14:33:37,227 - Do unicode file recognition:  false
2011-11-25 14:33:37,227 - FileResourceLoader : adding path '.'
2011-11-25 14:33:37,241 - ResourceCache: initialized (class org.apache.velocity.runtime.resource.ResourceCacheImpl)
2011-11-25 14:33:37,243 - Loaded System Directive: org.apache.velocity.runtime.directive.Literal
2011-11-25 14:33:37,245 - Loaded System Directive: org.apache.velocity.runtime.directive.Macro
2011-11-25 14:33:37,246 - Loaded System Directive: org.apache.velocity.runtime.directive.Parse
2011-11-25 14:33:37,248 - Loaded System Directive: org.apache.velocity.runtime.directive.Include
2011-11-25 14:33:37,249 - Loaded System Directive: org.apache.velocity.runtime.directive.Foreach
2011-11-25 14:33:37,278 - Created '20' parsers.
2011-11-25 14:33:37,286 - Velocimacro : "velocimacro.library" is not set.  Trying default library: VM_global_library.vm
2011-11-25 14:33:37,286 - Velocimacro : Default library not found.
2011-11-25 14:33:37,286 - Velocimacro : allowInline = true : VMs can be defined inline in templates
2011-11-25 14:33:37,286 - Velocimacro : allowInlineToOverride = false : VMs defined inline may NOT replace previous VM definitions
2011-11-25 14:33:37,286 - Velocimacro : allowInlineLocal = false : VMs defined inline will be global in scope if allowed.
2011-11-25 14:33:37,286 - Velocimacro : autoload off : VM system will not automatically reload global library macros
2011-11-25 15:14:11,074 - Log4JLogChute initialized using file 'velocity.log'
2011-11-25 15:14:11,077 - Velocity was not initialized! Calling init()...
2011-11-25 15:14:11,078 - Starting Apache Velocity v1.5 (compiled: 2007-02-22 08:52:29)
2011-11-25 15:14:11,078 - Default Properties File: org/apache/velocity/runtime/defaults/velocity.properties
2011-11-25 15:14:11,078 - Trying to use logger class org.apache.velocity.runtime.log.AvalonLogChute
2011-11-25 15:14:11,079 - Couldn't find class org.apache.velocity.runtime.log.AvalonLogChute or necessary supporting classes in classpath.
java.lang.NoClassDefFoundError: org/apache/log/format/Formatter
	at java.lang.Class.forName0(Native Method)
	at java.lang.Class.forName(Class.java:247)
	at org.apache.velocity.util.ClassUtils.getClass(ClassUtils.java:63)
	at org.apache.velocity.util.ClassUtils.getNewInstance(ClassUtils.java:95)
	at org.apache.velocity.runtime.log.LogManager.createLogChute(LogManager.java:147)
	at org.apache.velocity.runtime.log.LogManager.updateLog(LogManager.java:208)
	at org.apache.velocity.runtime.RuntimeInstance.initializeLog(RuntimeInstance.java:728)
	at org.apache.velocity.runtime.RuntimeInstance.init(RuntimeInstance.java:240)
	at org.apache.velocity.runtime.RuntimeInstance.parse(RuntimeInstance.java:993)
	at org.apache.velocity.runtime.RuntimeInstance.parse(RuntimeInstance.java:972)
	at org.apache.velocity.runtime.RuntimeSingleton.parse(RuntimeSingleton.java:265)
	at org.apache.velocity.app.Velocity.evaluate(Velocity.java:274)
	at com.sonatype.maven.weather.WeatherFormatter.format(WeatherFormatter.java:21)
	at com.sonatype.maven.weather.yahoo.WeatherFormatterTest.testFormat(WeatherFormatterTest.java:23)
	at sun.reflect.NativeMethodAccessorImpl.invoke0(Native Method)
	at sun.reflect.NativeMethodAccessorImpl.invoke(NativeMethodAccessorImpl.java:39)
	at sun.reflect.DelegatingMethodAccessorImpl.invoke(DelegatingMethodAccessorImpl.java:25)
	at java.lang.reflect.Method.invoke(Method.java:597)
	at junit.framework.TestCase.runTest(TestCase.java:154)
	at junit.framework.TestCase.runBare(TestCase.java:127)
	at junit.framework.TestResult$1.protect(TestResult.java:106)
	at junit.framework.TestResult.runProtected(TestResult.java:124)
	at junit.framework.TestResult.run(TestResult.java:109)
	at junit.framework.TestCase.run(TestCase.java:118)
	at junit.framework.TestSuite.runTest(TestSuite.java:208)
	at junit.framework.TestSuite.run(TestSuite.java:203)
	at sun.reflect.NativeMethodAccessorImpl.invoke0(Native Method)
	at sun.reflect.NativeMethodAccessorImpl.invoke(NativeMethodAccessorImpl.java:39)
	at sun.reflect.DelegatingMethodAccessorImpl.invoke(DelegatingMethodAccessorImpl.java:25)
	at java.lang.reflect.Method.invoke(Method.java:597)
	at org.apache.maven.surefire.junit.JUnitTestSet.execute(JUnitTestSet.java:96)
	at org.apache.maven.surefire.junit.JUnit3Provider.executeTestSet(JUnit3Provider.java:117)
	at org.apache.maven.surefire.junit.JUnit3Provider.invoke(JUnit3Provider.java:94)
	at sun.reflect.NativeMethodAccessorImpl.invoke0(Native Method)
	at sun.reflect.NativeMethodAccessorImpl.invoke(NativeMethodAccessorImpl.java:39)
	at sun.reflect.DelegatingMethodAccessorImpl.invoke(DelegatingMethodAccessorImpl.java:25)
	at java.lang.reflect.Method.invoke(Method.java:597)
	at org.apache.maven.surefire.util.ReflectionUtils.invokeMethodWithArray(ReflectionUtils.java:164)
	at org.apache.maven.surefire.booter.ProviderFactory$ProviderProxy.invoke(ProviderFactory.java:110)
	at org.apache.maven.surefire.booter.SurefireStarter.invokeProvider(SurefireStarter.java:175)
	at org.apache.maven.surefire.booter.SurefireStarter.runSuitesInProcessWhenForked(SurefireStarter.java:107)
	at org.apache.maven.surefire.booter.ForkedBooter.main(ForkedBooter.java:68)
Caused by: java.lang.ClassNotFoundException: org.apache.log.format.Formatter
	at java.net.URLClassLoader$1.run(URLClassLoader.java:202)
	at java.security.AccessController.doPrivileged(Native Method)
	at java.net.URLClassLoader.findClass(URLClassLoader.java:190)
	at java.lang.ClassLoader.loadClass(ClassLoader.java:306)
	at sun.misc.Launcher$AppClassLoader.loadClass(Launcher.java:301)
	at java.lang.ClassLoader.loadClass(ClassLoader.java:247)
	... 42 more
2011-11-25 15:14:11,081 - Trying to use logger class org.apache.velocity.runtime.log.Log4JLogChute
2011-11-25 15:14:11,081 - Using logger class org.apache.velocity.runtime.log.Log4JLogChute
2011-11-25 15:14:11,083 - Default ResourceManager initializing. (class org.apache.velocity.runtime.resource.ResourceManagerImpl)
2011-11-25 15:14:11,087 - ResourceLoader instantiated: org.apache.velocity.runtime.resource.loader.FileResourceLoader
2011-11-25 15:14:11,088 - Do unicode file recognition:  false
2011-11-25 15:14:11,088 - FileResourceLoader : adding path '.'
2011-11-25 15:14:11,099 - ResourceCache: initialized (class org.apache.velocity.runtime.resource.ResourceCacheImpl)
2011-11-25 15:14:11,100 - Loaded System Directive: org.apache.velocity.runtime.directive.Literal
2011-11-25 15:14:11,101 - Loaded System Directive: org.apache.velocity.runtime.directive.Macro
2011-11-25 15:14:11,103 - Loaded System Directive: org.apache.velocity.runtime.directive.Parse
2011-11-25 15:14:11,104 - Loaded System Directive: org.apache.velocity.runtime.directive.Include
2011-11-25 15:14:11,104 - Loaded System Directive: org.apache.velocity.runtime.directive.Foreach
2011-11-25 15:14:11,134 - Created '20' parsers.
2011-11-25 15:14:11,140 - Velocimacro : "velocimacro.library" is not set.  Trying default library: VM_global_library.vm
2011-11-25 15:14:11,140 - Velocimacro : Default library not found.
2011-11-25 15:14:11,140 - Velocimacro : allowInline = true : VMs can be defined inline in templates
2011-11-25 15:14:11,140 - Velocimacro : allowInlineToOverride = false : VMs defined inline may NOT replace previous VM definitions
2011-11-25 15:14:11,140 - Velocimacro : allowInlineLocal = false : VMs defined inline will be global in scope if allowed.
2011-11-25 15:14:11,140 - Velocimacro : autoload off : VM system will not automatically reload global library macros
