2011-11-22 14:23:12,654 - Log4JLogChute initialized using file 'velocity.log'
2011-11-22 14:23:12,655 - Velocity was not initialized! Calling init()...
2011-11-22 14:23:12,655 - Starting Apache Velocity v1.5 (compiled: 2007-02-22 08:52:29)
2011-11-22 14:23:12,655 - Default Properties File: org/apache/velocity/runtime/defaults/velocity.properties
2011-11-22 14:23:12,655 - Trying to use logger class org.apache.velocity.runtime.log.AvalonLogChute
2011-11-22 14:23:12,656 - Couldn't find class org.apache.velocity.runtime.log.AvalonLogChute or necessary supporting classes in classpath.
java.lang.NoClassDefFoundError: org/apache/log/format/Formatter
	at java.lang.Class.forName0(Native Method)
	at java.lang.Class.forName(Class.java:247)
	at org.apache.velocity.util.ClassUtils.getClass(ClassUtils.java:63)
	at org.apache.velocity.util.ClassUtils.getNewInstance(ClassUtils.java:95)
	at org.apache.velocity.runtime.log.LogManager.createLogChute(LogManager.java:147)
	at org.apache.velocity.runtime.log.LogManager.updateLog(LogManager.java:208)
	at org.apache.velocity.runtime.RuntimeInstance.initializeLog(RuntimeInstance.java:728)
	at org.apache.velocity.runtime.RuntimeInstance.init(RuntimeInstance.java:240)
	at org.apache.velocity.runtime.RuntimeInstance.parse(RuntimeInstance.java:993)
	at org.apache.velocity.runtime.RuntimeInstance.parse(RuntimeInstance.java:972)
	at org.apache.velocity.runtime.RuntimeSingleton.parse(RuntimeSingleton.java:265)
	at org.apache.velocity.app.Velocity.evaluate(Velocity.java:274)
	at com.sonatype.maven.weather.WeatherFormatter.format(WeatherFormatter.java:21)
	at com.sonatype.maven.weather.yahoo.WeatherFormatterTest.testFormat(WeatherFormatterTest.java:23)
	at sun.reflect.NativeMethodAccessorImpl.invoke0(Native Method)
	at sun.reflect.NativeMethodAccessorImpl.invoke(NativeMethodAccessorImpl.java:39)
	at sun.reflect.DelegatingMethodAccessorImpl.invoke(DelegatingMethodAccessorImpl.java:25)
	at java.lang.reflect.Method.invoke(Method.java:597)
	at junit.framework.TestCase.runTest(TestCase.java:154)
	at junit.framework.TestCase.runBare(TestCase.java:127)
	at junit.framework.TestResult$1.protect(TestResult.java:106)
	at junit.framework.TestResult.runProtected(TestResult.java:124)
	at junit.framework.TestResult.run(TestResult.java:109)
	at junit.framework.TestCase.run(TestCase.java:118)
	at junit.framework.TestSuite.runTest(TestSuite.java:208)
	at junit.framework.TestSuite.run(TestSuite.java:203)
	at sun.reflect.NativeMethodAccessorImpl.invoke0(Native Method)
	at sun.reflect.NativeMethodAccessorImpl.invoke(NativeMethodAccessorImpl.java:39)
	at sun.reflect.DelegatingMethodAccessorImpl.invoke(DelegatingMethodAccessorImpl.java:25)
	at java.lang.reflect.Method.invoke(Method.java:597)
	at org.apache.maven.surefire.junit.JUnitTestSet.execute(JUnitTestSet.java:98)
	at org.apache.maven.surefire.junit.JUnit3Provider.executeTestSet(JUnit3Provider.java:107)
	at org.apache.maven.surefire.junit.JUnit3Provider.invoke(JUnit3Provider.java:84)
	at sun.reflect.NativeMethodAccessorImpl.invoke0(Native Method)
	at sun.reflect.NativeMethodAccessorImpl.invoke(NativeMethodAccessorImpl.java:39)
	at sun.reflect.DelegatingMethodAccessorImpl.invoke(DelegatingMethodAccessorImpl.java:25)
	at java.lang.reflect.Method.invoke(Method.java:597)
	at org.apache.maven.surefire.booter.ProviderFactory$ClassLoaderProxy.invoke(ProviderFactory.java:103)
	at $Proxy0.invoke(Unknown Source)
	at org.apache.maven.surefire.booter.SurefireStarter.invokeProvider(SurefireStarter.java:150)
	at org.apache.maven.surefire.booter.SurefireStarter.runSuitesInProcess(SurefireStarter.java:91)
	at org.apache.maven.surefire.booter.ForkedBooter.main(ForkedBooter.java:69)
Caused by: java.lang.ClassNotFoundException: org.apache.log.format.Formatter
	at java.net.URLClassLoader$1.run(URLClassLoader.java:202)
	at java.security.AccessController.doPrivileged(Native Method)
	at java.net.URLClassLoader.findClass(URLClassLoader.java:190)
	at java.lang.ClassLoader.loadClass(ClassLoader.java:306)
	at sun.misc.Launcher$AppClassLoader.loadClass(Launcher.java:301)
	at java.lang.ClassLoader.loadClass(ClassLoader.java:247)
	... 42 more
2011-11-22 14:23:12,662 - Trying to use logger class org.apache.velocity.runtime.log.Log4JLogChute
2011-11-22 14:23:12,662 - Using logger class org.apache.velocity.runtime.log.Log4JLogChute
2011-11-22 14:23:12,665 - Default ResourceManager initializing. (class org.apache.velocity.runtime.resource.ResourceManagerImpl)
2011-11-22 14:23:12,668 - ResourceLoader instantiated: org.apache.velocity.runtime.resource.loader.FileResourceLoader
2011-11-22 14:23:12,669 - Do unicode file recognition:  false
2011-11-22 14:23:12,669 - FileResourceLoader : adding path '.'
2011-11-22 14:23:12,683 - ResourceCache: initialized (class org.apache.velocity.runtime.resource.ResourceCacheImpl)
2011-11-22 14:23:12,685 - Loaded System Directive: org.apache.velocity.runtime.directive.Literal
2011-11-22 14:23:12,686 - Loaded System Directive: org.apache.velocity.runtime.directive.Macro
2011-11-22 14:23:12,687 - Loaded System Directive: org.apache.velocity.runtime.directive.Parse
2011-11-22 14:23:12,688 - Loaded System Directive: org.apache.velocity.runtime.directive.Include
2011-11-22 14:23:12,689 - Loaded System Directive: org.apache.velocity.runtime.directive.Foreach
2011-11-22 14:23:12,724 - Created '20' parsers.
2011-11-22 14:23:12,733 - Velocimacro : "velocimacro.library" is not set.  Trying default library: VM_global_library.vm
2011-11-22 14:23:12,734 - Velocimacro : Default library not found.
2011-11-22 14:23:12,734 - Velocimacro : allowInline = true : VMs can be defined inline in templates
2011-11-22 14:23:12,734 - Velocimacro : allowInlineToOverride = false : VMs defined inline may NOT replace previous VM definitions
2011-11-22 14:23:12,734 - Velocimacro : allowInlineLocal = false : VMs defined inline will be global in scope if allowed.
2011-11-22 14:23:12,734 - Velocimacro : autoload off : VM system will not automatically reload global library macros
2011-11-22 14:23:24,393 - Log4JLogChute initialized using file 'velocity.log'
2011-11-22 14:23:24,393 - Velocity was not initialized! Calling init()...
2011-11-22 14:23:24,394 - Starting Apache Velocity v1.5 (compiled: 2007-02-22 08:52:29)
2011-11-22 14:23:24,394 - Default Properties File: org/apache/velocity/runtime/defaults/velocity.properties
2011-11-22 14:23:24,394 - Trying to use logger class org.apache.velocity.runtime.log.AvalonLogChute
2011-11-22 14:23:24,395 - Couldn't find class org.apache.velocity.runtime.log.AvalonLogChute or necessary supporting classes in classpath.
java.lang.NoClassDefFoundError: org/apache/log/format/Formatter
	at java.lang.Class.forName0(Native Method)
	at java.lang.Class.forName(Class.java:247)
	at org.apache.velocity.util.ClassUtils.getClass(ClassUtils.java:63)
	at org.apache.velocity.util.ClassUtils.getNewInstance(ClassUtils.java:95)
	at org.apache.velocity.runtime.log.LogManager.createLogChute(LogManager.java:147)
	at org.apache.velocity.runtime.log.LogManager.updateLog(LogManager.java:208)
	at org.apache.velocity.runtime.RuntimeInstance.initializeLog(RuntimeInstance.java:728)
	at org.apache.velocity.runtime.RuntimeInstance.init(RuntimeInstance.java:240)
	at org.apache.velocity.runtime.RuntimeInstance.parse(RuntimeInstance.java:993)
	at org.apache.velocity.runtime.RuntimeInstance.parse(RuntimeInstance.java:972)
	at org.apache.velocity.runtime.RuntimeSingleton.parse(RuntimeSingleton.java:265)
	at org.apache.velocity.app.Velocity.evaluate(Velocity.java:274)
	at com.sonatype.maven.weather.WeatherFormatter.format(WeatherFormatter.java:21)
	at com.sonatype.maven.weather.yahoo.WeatherFormatterTest.testFormat(WeatherFormatterTest.java:23)
	at sun.reflect.NativeMethodAccessorImpl.invoke0(Native Method)
	at sun.reflect.NativeMethodAccessorImpl.invoke(NativeMethodAccessorImpl.java:39)
	at sun.reflect.DelegatingMethodAccessorImpl.invoke(DelegatingMethodAccessorImpl.java:25)
	at java.lang.reflect.Method.invoke(Method.java:597)
	at junit.framework.TestCase.runTest(TestCase.java:154)
	at junit.framework.TestCase.runBare(TestCase.java:127)
	at junit.framework.TestResult$1.protect(TestResult.java:106)
	at junit.framework.TestResult.runProtected(TestResult.java:124)
	at junit.framework.TestResult.run(TestResult.java:109)
	at junit.framework.TestCase.run(TestCase.java:118)
	at junit.framework.TestSuite.runTest(TestSuite.java:208)
	at junit.framework.TestSuite.run(TestSuite.java:203)
	at sun.reflect.NativeMethodAccessorImpl.invoke0(Native Method)
	at sun.reflect.NativeMethodAccessorImpl.invoke(NativeMethodAccessorImpl.java:39)
	at sun.reflect.DelegatingMethodAccessorImpl.invoke(DelegatingMethodAccessorImpl.java:25)
	at java.lang.reflect.Method.invoke(Method.java:597)
	at org.apache.maven.surefire.junit.JUnitTestSet.execute(JUnitTestSet.java:98)
	at org.apache.maven.surefire.junit.JUnit3Provider.executeTestSet(JUnit3Provider.java:107)
	at org.apache.maven.surefire.junit.JUnit3Provider.invoke(JUnit3Provider.java:84)
	at sun.reflect.NativeMethodAccessorImpl.invoke0(Native Method)
	at sun.reflect.NativeMethodAccessorImpl.invoke(NativeMethodAccessorImpl.java:39)
	at sun.reflect.DelegatingMethodAccessorImpl.invoke(DelegatingMethodAccessorImpl.java:25)
	at java.lang.reflect.Method.invoke(Method.java:597)
	at org.apache.maven.surefire.booter.ProviderFactory$ClassLoaderProxy.invoke(ProviderFactory.java:103)
	at $Proxy0.invoke(Unknown Source)
	at org.apache.maven.surefire.booter.SurefireStarter.invokeProvider(SurefireStarter.java:150)
	at org.apache.maven.surefire.booter.SurefireStarter.runSuitesInProcess(SurefireStarter.java:91)
	at org.apache.maven.surefire.booter.ForkedBooter.main(ForkedBooter.java:69)
Caused by: java.lang.ClassNotFoundException: org.apache.log.format.Formatter
	at java.net.URLClassLoader$1.run(URLClassLoader.java:202)
	at java.security.AccessController.doPrivileged(Native Method)
	at java.net.URLClassLoader.findClass(URLClassLoader.java:190)
	at java.lang.ClassLoader.loadClass(ClassLoader.java:306)
	at sun.misc.Launcher$AppClassLoader.loadClass(Launcher.java:301)
	at java.lang.ClassLoader.loadClass(ClassLoader.java:247)
	... 42 more
2011-11-22 14:23:24,398 - Trying to use logger class org.apache.velocity.runtime.log.Log4JLogChute
2011-11-22 14:23:24,398 - Using logger class org.apache.velocity.runtime.log.Log4JLogChute
2011-11-22 14:23:24,401 - Default ResourceManager initializing. (class org.apache.velocity.runtime.resource.ResourceManagerImpl)
2011-11-22 14:23:24,405 - ResourceLoader instantiated: org.apache.velocity.runtime.resource.loader.FileResourceLoader
2011-11-22 14:23:24,406 - Do unicode file recognition:  false
2011-11-22 14:23:24,406 - FileResourceLoader : adding path '.'
2011-11-22 14:23:24,417 - ResourceCache: initialized (class org.apache.velocity.runtime.resource.ResourceCacheImpl)
2011-11-22 14:23:24,418 - Loaded System Directive: org.apache.velocity.runtime.directive.Literal
2011-11-22 14:23:24,419 - Loaded System Directive: org.apache.velocity.runtime.directive.Macro
2011-11-22 14:23:24,420 - Loaded System Directive: org.apache.velocity.runtime.directive.Parse
2011-11-22 14:23:24,421 - Loaded System Directive: org.apache.velocity.runtime.directive.Include
2011-11-22 14:23:24,422 - Loaded System Directive: org.apache.velocity.runtime.directive.Foreach
2011-11-22 14:23:24,451 - Created '20' parsers.
2011-11-22 14:23:24,457 - Velocimacro : "velocimacro.library" is not set.  Trying default library: VM_global_library.vm
2011-11-22 14:23:24,457 - Velocimacro : Default library not found.
2011-11-22 14:23:24,457 - Velocimacro : allowInline = true : VMs can be defined inline in templates
2011-11-22 14:23:24,457 - Velocimacro : allowInlineToOverride = false : VMs defined inline may NOT replace previous VM definitions
2011-11-22 14:23:24,457 - Velocimacro : allowInlineLocal = false : VMs defined inline will be global in scope if allowed.
2011-11-22 14:23:24,457 - Velocimacro : autoload off : VM system will not automatically reload global library macros
